<?xml version="1.0" encoding="UTF-8"?>
<!-- Generated by org.testng.reporters.JUnitReportReporter -->
<testsuite skipped="0" hostname="DESKTOP-NGU3ND8" name="Package.ClickAndBoom_Administration" tests="8" failures="0" timestamp="2020-04-23T16:01:25 IST" time="107.804" errors="0">
  <testcase name="LogInPageTest" time="48.539" classname="Package.ClickAndBoom_Administration"/>
  <testcase name="GeofencePageTest" time="9.055" classname="Package.ClickAndBoom_Administration"/>
  <testcase name="HardwareProfilePageTest" time="7.629" classname="Package.ClickAndBoom_Administration"/>
  <testcase name="DVITextMessagesPageTest" time="8.775" classname="Package.ClickAndBoom_Administration"/>
  <testcase name="DVIPhonenumbersPageTest" time="7.863" classname="Package.ClickAndBoom_Administration"/>
  <testcase name="OverdueNotificationPageTest" time="10.564" classname="Package.ClickAndBoom_Administration"/>
  <testcase name="ReportingRegionPageTest" time="7.932" classname="Package.ClickAndBoom_Administration"/>
  <testcase name="SecuritySettingsPageTest" time="7.447" classname="Package.ClickAndBoom_Administration"/>
</testsuite> <!-- Package.ClickAndBoom_Administration -->
